<?xml version="1.0" encoding="UTF-8" ?>
<testsuite errors="0" failures="0" hostname="inm381-vm" name="org.netbeans.modules.compapp.catd.ConfiguredTest" tests="1" time="0.656" timestamp="2016-05-06T11:33:43">
  <properties>
[...]
</properties>
  <testcase classname="org.netbeans.modules.compapp.catd.ConfiguredTest" name="retrieveLoan" time="0.632" />
  <system-out><![CDATA[GenerateATSOutput=${generate.ats.output}
NetBeansUserDir=C:\INM381\OpenESB-v2.3\.netbeans\openesb
ServerPassword=adminadmin
awt.toolkit=sun.awt.windows.WToolkit
file.encoding=Cp1252
file.encoding.pkg=sun.io
file.separator=\
inDebug=${inDebug}
java.awt.graphicsenv=sun.awt.Win32GraphicsEnvironment
java.awt.headless=${java.awt.headless}
java.awt.printerjob=sun.awt.windows.WPrinterJob
java.class.path=C:\INM381\OpenESB-v2.3\netbeans\soa\modules\org-netbeans-modules-compapp-manager-jbi.jar;C:\INM381\OpenESB-v2.3\netbeans\soa\modules\org-netbeans-modules-compapp-projects-jbi.jar;C:\INM381\OpenESB-v2.3\netbeans\soa\modules\ext\jbi-admin-common.jar;C:\INM381\OpenESB-v2.3\netbeans\soa\modules\ext\catd.jar;C:\INM381\OpenESB-v2.3\netbeans\java\modules\ext\junit-3.8.2.jar;C:\INM381\OpenESB-v2.3\netbeans\ide\modules\org-netbeans-modules-editor-lib.jar;C:\INM381\OpenESB-v2.3\netbeans\ide\modules\org-netbeans-modules-editor.jar;C:\INM381\OpenESB-v2.3\netbeans\ide\modules\org-netbeans-modules-editor-deprecated-pre65formatting.jar;C:\INM381\OpenESB-v2.3\netbeans\ide\modules\org-netbeans-modules-editor-util.jar;C:\INM381\OpenESB-v2.3\netbeans\ide\modules\org-netbeans-modules-editor-lib2.jar;C:\INM381\OpenESB-v2.3\netbeans\ide\modules\org-netbeans-modules-editor-indent.jar;C:\INM381\OpenESB-v2.3\netbeans\ide\modules\org-netbeans-modules-editor-plain.jar;C:\INM381\OpenESB-v2.3\netbeans\ide\modules\org-netbeans-modules-editor-plain-lib.jar;C:\INM381\OpenESB-v2.3\netbeans\ide\modules\org-netbeans-modules-editor-settings.jar;C:\INM381\OpenESB-v2.3\netbeans\ide\modules\org-netbeans-modules-editor-settings-storage.jar;C:\INM381\OpenESB-v2.3\netbeans\ide\modules\org-netbeans-modules-lexer.jar;C:\INM381\OpenESB-v2.3\netbeans\ide\modules\org-netbeans-modules-xml-core.jar;C:\INM381\OpenESB-v2.3\netbeans\ide\modules\org-netbeans-modules-xml-lexer.jar;C:\INM381\OpenESB-v2.3\netbeans\ide\modules\org-netbeans-modules-xml-text.jar;C:\INM381\OpenESB-v2.3\netbeans\ide\modules\org-netbeans-modules-xml-xdm.jar;C:\INM381\OpenESB-v2.3\netbeans\ide\modules\org-netbeans-modules-xml-xam.jar;C:\INM381\OpenESB-v2.3\netbeans\ide\modules\org-netbeans-modules-csl-api.jar;C:\INM381\OpenESB-v2.3\netbeans\ide\modules\ext\jaxb\activation.jar;C:\INM381\OpenESB-v2.3\netbeans\platform\lib\org-openide-modules.jar;C:\INM381\OpenESB-v2.3\netbeans\platform\lib\org-openide-util.jar;C:\INM381\OpenESB-v2.3\netbeans\platform\lib\org-openide-util-lookup.jar;C:\INM381\OpenESB-v2.3\netbeans\platform\modules\org-openide-awt.jar;C:\INM381\OpenESB-v2.3\netbeans\platform\modules\org-openide-options.jar;C:\INM381\OpenESB-v2.3\netbeans\platform\modules\org-openide-text.jar;C:\INM381\OpenESB-v2.3\netbeans\platform\modules\org-openide-loaders.jar;C:\INM381\OpenESB-v2.3\netbeans\platform\modules\org-openide-nodes.jar;C:\INM381\OpenESB-v2.3\netbeans\platform\modules\org-netbeans-modules-editor-mimelookup.jar;C:\INM381\OpenESB-v2.3\netbeans\platform\modules\org-netbeans-modules-editor-mimelookup-impl.jar;C:\INM381\OpenESB-v2.3\netbeans\platform\core\org-openide-filesystems.jar;C:\INM381\OpenESB-v2.3\netbeans\platform\modules\org-netbeans-modules-keyring.jar;C:\INM381\OpenESB-v2.3\netbeans\platform\modules\org-openide-dialogs.jar;C:\INM381\OpenESB-v2.3\netbeans\java\ant\lib\ant-launcher.jar;C:\INM381\OpenESB-v2.3\netbeans\java\ant\lib\ant.jar;C:\INM381\OpenESB-v2.3\netbeans\java\ant\lib\ant-junit.jar;C:\INM381\OpenESB-v2.3\netbeans\java\ant\lib\ant-junit4.jar
java.class.version=50.0
java.endorsed.dirs=C:\Program Files\Java\jdk1.6.0_25\jre\lib\endorsed
java.ext.dirs=C:\Program Files\Java\jdk1.6.0_25\jre\lib\ext;C:\WINDOWS\Sun\Java\lib\ext
java.home=C:\Program Files\Java\jdk1.6.0_25\jre
java.io.tmpdir=C:\DOCUME~1\INM381~1\LOCALS~1\Temp\
java.library.path=C:\Program Files\Java\jdk1.6.0_25\jre\bin;.;C:\WINDOWS\Sun\Java\bin;C:\WINDOWS\system32;C:\WINDOWS;C:\WINDOWS\system32;C:\WINDOWS;C:\WINDOWS\System32\Wbem;C:\WINDOWS\system32;C:\WINDOWS;C:\WINDOWS\System32\Wbem;C:\INM381\Axis2\bin
java.runtime.name=Java(TM) SE Runtime Environment
java.runtime.version=1.6.0_25-b06
java.specification.name=Java Platform API Specification
java.specification.vendor=Sun Microsystems Inc.
java.specification.version=1.6
java.vendor=Sun Microsystems Inc.
java.vendor.url=http://java.sun.com/
java.vendor.url.bug=http://java.sun.com/cgi-bin/bugreport.cgi
java.version=1.6.0_25
java.vm.info=mixed mode, sharing
java.vm.name=Java HotSpot(TM) Client VM
java.vm.specification.name=Java Virtual Machine Specification
java.vm.specification.vendor=Sun Microsystems Inc.
java.vm.specification.version=1.0
java.vm.vendor=Sun Microsystems Inc.
java.vm.version=20.0-b11
line.separator=

org.netbeans.modules.compapp.catd.context=
os.arch=x86
os.name=Windows XP
os.version=5.1
path.separator=;
sun.arch.data.model=32
sun.boot.class.path=C:\Program Files\Java\jdk1.6.0_25\jre\lib\resources.jar;C:\Program Files\Java\jdk1.6.0_25\jre\lib\rt.jar;C:\Program Files\Java\jdk1.6.0_25\jre\lib\sunrsasign.jar;C:\Program Files\Java\jdk1.6.0_25\jre\lib\jsse.jar;C:\Program Files\Java\jdk1.6.0_25\jre\lib\jce.jar;C:\Program Files\Java\jdk1.6.0_25\jre\lib\charsets.jar;C:\Program Files\Java\jdk1.6.0_25\jre\lib\modules\jdk.boot.jar;C:\Program Files\Java\jdk1.6.0_25\jre\classes
sun.boot.library.path=C:\Program Files\Java\jdk1.6.0_25\jre\bin
sun.cpu.endian=little
sun.cpu.isalist=pentium_pro+mmx pentium_pro pentium+mmx pentium i486 i386 i86
sun.desktop=windows
sun.io.unicode.encoding=UnicodeLittle
sun.java.command=org.apache.tools.ant.taskdefs.optional.junit.JUnitTestRunner org.netbeans.modules.compapp.catd.ConfiguredTest filtertrace=true haltOnError=false haltOnFailure=false showoutput=true outputtoformatters=true logfailedtests=true logtestlistenerevents=true formatter=org.apache.tools.ant.taskdefs.optional.junit.BriefJUnitResultFormatter formatter=org.apache.tools.ant.taskdefs.optional.junit.XMLJUnitResultFormatter,C:\INM381\workspace\SOACWKBpel\test\results\TEST-org.netbeans.modules.compapp.catd.ConfiguredTest.xml crashfile=C:\DOCUME~1\INM381~1\LOCALS~1\Temp\junitvmwatcher2626486216227178687.properties propsfile=C:\DOCUME~1\INM381~1\LOCALS~1\Temp\junit1122113030010309958.properties
sun.java.launcher=SUN_STANDARD
sun.jnu.encoding=Cp1252
sun.management.compiler=HotSpot Client Compiler
sun.os.patch.level=Service Pack 2
user.country=GB
user.dir=C:\INM381\workspace\SOACWKBpel
user.home=C:\Documents and Settings\INM381-User
user.language=en
user.name=INM381-User
user.timezone=Europe/London
user.variant=
Test retrieveLoan\Concurrent.properties Passed. Threads count Success: <1> Error: <0> Not completed: <0>
]]></system-out>
  <system-err><![CDATA[06-May-2016 12:33:44 org.netbeans.modules.editor.settings.storage.keybindings.KeyMapsStorage$KeyMapsReader startElement
WARNING: The keybinding 'A-MOUSE_WHEEL_UP' in Editors/Keybindings/NetBeans/Defaults/org-netbeans-modules-editor-keybindings.xml may not work correctly on Mac. Keybindings starting with Alt or Ctrl should be coded with latin capital letters 'O' or 'D' respectively. For details see org.openide.util.Utilities.stringToKey().
06-May-2016 12:33:44 org.netbeans.modules.editor.settings.storage.keybindings.KeyMapsStorage$KeyMapsReader startElement
WARNING: The keybinding 'A-MOUSE_WHEEL_DOWN' in Editors/Keybindings/NetBeans/Defaults/org-netbeans-modules-editor-keybindings.xml may not work correctly on Mac. Keybindings starting with Alt or Ctrl should be coded with latin capital letters 'O' or 'D' respectively. For details see org.openide.util.Utilities.stringToKey().
]]></system-err>
</testsuite>
